# JRE version: OpenJDK Runtime Environment Temurin-21.0.10+7 (21.0.10+7) (build 21.0.10+7-LTS)
# Java VM: OpenJDK 64-Bit Server VM Temurin-21.0.10+7 (21.0.10+7-LTS, mixed mode, sharing, tiered, compressed oops, compressed class ptrs, parallel gc, windows-amd64)
GC Precious Log:
 CardTable entry size: 512
 CPUs: 8 total, 8 available
 Memory: 8067M
 Large Page Support: Disabled
 NUMA Support: Disabled
 Compressed Oops: Enabled (32-bit)
 Alignments: Space 512K, Generation 512K, Heap 2M
 Heap Min Capacity: 100M
 Heap Initial Capacity: 100M
 Heap Max Capacity: 2G
 Pre-touch: Disabled
 Parallel Workers: 8
Heap:
 PSYoungGen      total 8704K, used 3353K [0x00000000d5580000, 0x00000000d5e80000, 0x0000000100000000)
  eden space 7168K, 44% used [0x00000000d5580000,0x00000000d58a6568,0x00000000d5c80000)
  from space 1536K, 8% used [0x00000000d5c80000,0x00000000d5ca0000,0x00000000d5e00000)
  to   space 512K, 0% used [0x00000000d5e00000,0x00000000d5e00000,0x00000000d5e80000)
 ParOldGen       total 167936K, used 167610K [0x0000000080000000, 0x000000008a400000, 0x00000000d5580000)
  object space 167936K, 99% used [0x0000000080000000,0x000000008a3ae988,0x000000008a400000)
 Metaspace       used 72861K, committed 74560K, reserved 1179648K
  class space    used 7457K, committed 8192K, reserved 1048576K
GC Heap History (20 events):
Event: 77.134 GC heap before
{Heap before GC invocations=343 (full 3):
 PSYoungGen      total 8704K, used 8682K [0x00000000d5580000, 0x00000000d6280000, 0x0000000100000000)
  eden space 7168K, 99% used [0x00000000d5580000,0x00000000d5c7ffc8,0x00000000d5c80000)
  from space 1536K, 98% used [0x00000000d5c80000,0x00000000d5dfab38,0x00000000d5e00000)
  to   space 3072K, 0% used [0x00000000d5f80000,0x00000000d5f80000,0x00000000d6280000)
 ParOldGen       total 162816K, used 162432K [0x0000000080000000, 0x0000000089f00000, 0x00000000d5580000)
  object space 162816K, 99% used [0x0000000080000000,0x0000000089ea00c0,0x0000000089f00000)
 Metaspace       used 72309K, committed 73920K, reserved 1179648K
  class space    used 7417K, committed 8128K, reserved 1048576K
}
Event: 77.136 GC heap after
{Heap after GC invocations=343 (full 3):
 PSYoungGen      total 7680K, used 352K [0x00000000d5580000, 0x00000000d6000000, 0x0000000100000000)
  eden space 7168K, 0% used [0x00000000d5580000,0x00000000d5580000,0x00000000d5c80000)
  from space 512K, 68% used [0x00000000d5f80000,0x00000000d5fd8000,0x00000000d6000000)
  to   space 1536K, 0% used [0x00000000d5d00000,0x00000000d5d00000,0x00000000d5e80000)
 ParOldGen       total 163328K, used 163064K [0x0000000080000000, 0x0000000089f80000, 0x00000000d5580000)
  object space 163328K, 99% used [0x0000000080000000,0x0000000089f3e0c0,0x0000000089f80000)
 Metaspace       used 72309K, committed 73920K, reserved 1179648K
  class space    used 7417K, committed 8128K, reserved 1048576K
}
Event: 77.399 GC heap before
{Heap before GC invocations=344 (full 3):
 PSYoungGen      total 7680K, used 7520K [0x00000000d5580000, 0x00000000d6000000, 0x0000000100000000)
  eden space 7168K, 100% used [0x00000000d5580000,0x00000000d5c80000,0x00000000d5c80000)
  from space 512K, 68% used [0x00000000d5f80000,0x00000000d5fd8000,0x00000000d6000000)
  to   space 1536K, 0% used [0x00000000d5d00000,0x00000000d5d00000,0x00000000d5e80000)
 ParOldGen       total 163328K, used 163064K [0x0000000080000000, 0x0000000089f80000, 0x00000000d5580000)
  object space 163328K, 99% used [0x0000000080000000,0x0000000089f3e0c0,0x0000000089f80000)
 Metaspace       used 72414K, committed 74048K, reserved 1179648K
  class space    used 7424K, committed 8192K, reserved 1048576K
}
Event: 77.401 GC heap after
{Heap after GC invocations=344 (full 3):
 PSYoungGen      total 8704K, used 799K [0x00000000d5580000, 0x00000000d6000000, 0x0000000100000000)
  eden space 7168K, 0% used [0x00000000d5580000,0x00000000d5580000,0x00000000d5c80000)
  from space 1536K, 52% used [0x00000000d5d00000,0x00000000d5dc7e68,0x00000000d5e80000)
  to   space 1024K, 0% used [0x00000000d5f00000,0x00000000d5f00000,0x00000000d6000000)
 ParOldGen       total 163328K, used 163272K [0x0000000080000000, 0x0000000089f80000, 0x00000000d5580000)
  object space 163328K, 99% used [0x0000000080000000,0x0000000089f720c0,0x0000000089f80000)
 Metaspace       used 72414K, committed 74048K, reserved 1179648K
  class space    used 7424K, committed 8192K, reserved 1048576K
}
Event: 77.612 GC heap before
{Heap before GC invocations=345 (full 3):
 PSYoungGen      total 8704K, used 7967K [0x00000000d5580000, 0x00000000d6000000, 0x0000000100000000)
  eden space 7168K, 100% used [0x00000000d5580000,0x00000000d5c80000,0x00000000d5c80000)
  from space 1536K, 52% used [0x00000000d5d00000,0x00000000d5dc7e68,0x00000000d5e80000)
  to   space 1024K, 0% used [0x00000000d5f00000,0x00000000d5f00000,0x00000000d6000000)
 ParOldGen       total 163328K, used 163272K [0x0000000080000000, 0x0000000089f80000, 0x00000000d5580000)
  object space 163328K, 99% used [0x0000000080000000,0x0000000089f720c0,0x0000000089f80000)
 Metaspace       used 72449K, committed 74112K, reserved 1179648K
  class space    used 7424K, committed 8192K, reserved 1048576K
}
Event: 77.614 GC heap after
{Heap after GC invocations=345 (full 3):
 PSYoungGen      total 8192K, used 596K [0x00000000d5580000, 0x00000000d6000000, 0x0000000100000000)
  eden space 7168K, 0% used [0x00000000d5580000,0x00000000d5580000,0x00000000d5c80000)
  from space 1024K, 58% used [0x00000000d5f00000,0x00000000d5f95200,0x00000000d6000000)
  to   space 1024K, 0% used [0x00000000d5e00000,0x00000000d5e00000,0x00000000d5f00000)
 ParOldGen       total 163840K, used 163639K [0x0000000080000000, 0x000000008a000000, 0x00000000d5580000)
  object space 163840K, 99% used [0x0000000080000000,0x0000000089fcde30,0x000000008a000000)
 Metaspace       used 72449K, committed 74112K, reserved 1179648K
  class space    used 7424K, committed 8192K, reserved 1048576K
}
Event: 77.654 GC heap before
{Heap before GC invocations=346 (full 3):
 PSYoungGen      total 8192K, used 7764K [0x00000000d5580000, 0x00000000d6000000, 0x0000000100000000)
  eden space 7168K, 100% used [0x00000000d5580000,0x00000000d5c80000,0x00000000d5c80000)
  from space 1024K, 58% used [0x00000000d5f00000,0x00000000d5f95200,0x00000000d6000000)
  to   space 1024K, 0% used [0x00000000d5e00000,0x00000000d5e00000,0x00000000d5f00000)
 ParOldGen       total 163840K, used 163639K [0x0000000080000000, 0x000000008a000000, 0x00000000d5580000)
  object space 163840K, 99% used [0x0000000080000000,0x0000000089fcde30,0x000000008a000000)
 Metaspace       used 72473K, committed 74176K, reserved 1179648K
  class space    used 7424K, committed 8192K, reserved 1048576K
}
Event: 77.656 GC heap after
{Heap after GC invocations=346 (full 3):
 PSYoungGen      total 8192K, used 999K [0x00000000d5580000, 0x00000000d5f80000, 0x0000000100000000)
  eden space 7168K, 0% used [0x00000000d5580000,0x00000000d5580000,0x00000000d5c80000)
  from space 1024K, 97% used [0x00000000d5e00000,0x00000000d5ef9d18,0x00000000d5f00000)
  to   space 512K, 0% used [0x00000000d5f00000,0x00000000d5f00000,0x00000000d5f80000)
 ParOldGen       total 164352K, used 164076K [0x0000000080000000, 0x000000008a080000, 0x00000000d5580000)
  object space 164352K, 99% used [0x0000000080000000,0x000000008a03b040,0x000000008a080000)
 Metaspace       used 72473K, committed 74176K, reserved 1179648K
  class space    used 7424K, committed 8192K, reserved 1048576K
}
Event: 78.005 GC heap before
{Heap before GC invocations=347 (full 3):
 PSYoungGen      total 8192K, used 8167K [0x00000000d5580000, 0x00000000d5f80000, 0x0000000100000000)
  eden space 7168K, 100% used [0x00000000d5580000,0x00000000d5c80000,0x00000000d5c80000)
  from space 1024K, 97% used [0x00000000d5e00000,0x00000000d5ef9d18,0x00000000d5f00000)
  to   space 512K, 0% used [0x00000000d5f00000,0x00000000d5f00000,0x00000000d5f80000)
 ParOldGen       total 164352K, used 164076K [0x0000000080000000, 0x000000008a080000, 0x00000000d5580000)
  object space 164352K, 99% used [0x0000000080000000,0x000000008a03b040,0x000000008a080000)
 Metaspace       used 72482K, committed 74176K, reserved 1179648K
  class space    used 7424K, committed 8192K, reserved 1048576K
}
Event: 78.008 GC heap after
{Heap after GC invocations=347 (full 3):
 PSYoungGen      total 7680K, used 494K [0x00000000d5580000, 0x00000000d6180000, 0x0000000100000000)
  eden space 7168K, 0% used [0x00000000d5580000,0x00000000d5580000,0x00000000d5c80000)
  from space 512K, 96% used [0x00000000d5f00000,0x00000000d5f7b930,0x00000000d5f80000)
  to   space 2560K, 0% used [0x00000000d5c80000,0x00000000d5c80000,0x00000000d5f00000)
 ParOldGen       total 165888K, used 165517K [0x0000000080000000, 0x000000008a200000, 0x00000000d5580000)
  object space 165888K, 99% used [0x0000000080000000,0x000000008a1a3480,0x000000008a200000)
 Metaspace       used 72482K, committed 74176K, reserved 1179648K
  class space    used 7424K, committed 8192K, reserved 1048576K
}
Event: 78.046 GC heap before
{Heap before GC invocations=348 (full 3):
 PSYoungGen      total 7680K, used 7662K [0x00000000d5580000, 0x00000000d6180000, 0x0000000100000000)
  eden space 7168K, 100% used [0x00000000d5580000,0x00000000d5c80000,0x00000000d5c80000)
  from space 512K, 96% used [0x00000000d5f00000,0x00000000d5f7b930,0x00000000d5f80000)
  to   space 2560K, 0% used [0x00000000d5c80000,0x00000000d5c80000,0x00000000d5f00000)
 ParOldGen       total 165888K, used 165517K [0x0000000080000000, 0x000000008a200000, 0x00000000d5580000)
  object space 165888K, 99% used [0x0000000080000000,0x000000008a1a3480,0x000000008a200000)
 Metaspace       used 72496K, committed 74176K, reserved 1179648K
  class space    used 7424K, committed 8192K, reserved 1048576K
}
Event: 78.049 GC heap after
{Heap after GC invocations=348 (full 3):
 PSYoungGen      total 8192K, used 919K [0x00000000d5580000, 0x00000000d5f80000, 0x0000000100000000)
  eden space 7168K, 0% used [0x00000000d5580000,0x00000000d5580000,0x00000000d5c80000)
  from space 1024K, 89% used [0x00000000d5c80000,0x00000000d5d65d08,0x00000000d5d80000)
  to   space 1536K, 0% used [0x00000000d5e00000,0x00000000d5e00000,0x00000000d5f80000)
 ParOldGen       total 166400K, used 166003K [0x0000000080000000, 0x000000008a280000, 0x00000000d5580000)
  object space 166400K, 99% used [0x0000000080000000,0x000000008a21cdb0,0x000000008a280000)
 Metaspace       used 72496K, committed 74176K, reserved 1179648K
  class space    used 7424K, committed 8192K, reserved 1048576K
}
Event: 78.729 GC heap before
{Heap before GC invocations=349 (full 3):
 PSYoungGen      total 8192K, used 8087K [0x00000000d5580000, 0x00000000d5f80000, 0x0000000100000000)
  eden space 7168K, 100% used [0x00000000d5580000,0x00000000d5c80000,0x00000000d5c80000)
  from space 1024K, 89% used [0x00000000d5c80000,0x00000000d5d65d08,0x00000000d5d80000)
  to   space 1536K, 0% used [0x00000000d5e00000,0x00000000d5e00000,0x00000000d5f80000)
 ParOldGen       total 166400K, used 166003K [0x0000000080000000, 0x000000008a280000, 0x00000000d5580000)
  object space 166400K, 99% used [0x0000000080000000,0x000000008a21cdb0,0x000000008a280000)
 Metaspace       used 72512K, committed 74240K, reserved 1179648K
  class space    used 7424K, committed 8192K, reserved 1048576K
}
Event: 78.733 GC heap after
{Heap after GC invocations=349 (full 3):
 PSYoungGen      total 8192K, used 612K [0x00000000d5580000, 0x00000000d5f00000, 0x0000000100000000)
  eden space 7168K, 0% used [0x00000000d5580000,0x00000000d5580000,0x00000000d5c80000)
  from space 1024K, 59% used [0x00000000d5e00000,0x00000000d5e99210,0x00000000d5f00000)
  to   space 1024K, 0% used [0x00000000d5c80000,0x00000000d5c80000,0x00000000d5d80000)
 ParOldGen       total 166912K, used 166703K [0x0000000080000000, 0x000000008a300000, 0x00000000d5580000)
  object space 166912K, 99% used [0x0000000080000000,0x000000008a2cbfe0,0x000000008a300000)
 Metaspace       used 72512K, committed 74240K, reserved 1179648K
  class space    used 7424K, committed 8192K, reserved 1048576K
}
Event: 79.304 GC heap before
{Heap before GC invocations=350 (full 3):
 PSYoungGen      total 8192K, used 7780K [0x00000000d5580000, 0x00000000d5f00000, 0x0000000100000000)
  eden space 7168K, 100% used [0x00000000d5580000,0x00000000d5c80000,0x00000000d5c80000)
  from space 1024K, 59% used [0x00000000d5e00000,0x00000000d5e99210,0x00000000d5f00000)
  to   space 1024K, 0% used [0x00000000d5c80000,0x00000000d5c80000,0x00000000d5d80000)
 ParOldGen       total 166912K, used 166703K [0x0000000080000000, 0x000000008a300000, 0x00000000d5580000)
  object space 166912K, 99% used [0x0000000080000000,0x000000008a2cbfe0,0x000000008a300000)
 Metaspace       used 72536K, committed 74240K, reserved 1179648K
  class space    used 7424K, committed 8192K, reserved 1048576K
}
Event: 79.308 GC heap after
{Heap after GC invocations=350 (full 3):
 PSYoungGen      total 8192K, used 1006K [0x00000000d5580000, 0x00000000d5f80000, 0x0000000100000000)
  eden space 7168K, 0% used [0x00000000d5580000,0x00000000d5580000,0x00000000d5c80000)
  from space 1024K, 98% used [0x00000000d5c80000,0x00000000d5d7ba88,0x00000000d5d80000)
  to   space 1536K, 0% used [0x00000000d5e00000,0x00000000d5e00000,0x00000000d5f80000)
 ParOldGen       total 166912K, used 166799K [0x0000000080000000, 0x000000008a300000, 0x00000000d5580000)
  object space 166912K, 99% used [0x0000000080000000,0x000000008a2e3fe0,0x000000008a300000)
 Metaspace       used 72536K, committed 74240K, reserved 1179648K
  class space    used 7424K, committed 8192K, reserved 1048576K
}
Event: 79.927 GC heap before
{Heap before GC invocations=351 (full 3):
 PSYoungGen      total 8192K, used 8174K [0x00000000d5580000, 0x00000000d5f80000, 0x0000000100000000)
  eden space 7168K, 100% used [0x00000000d5580000,0x00000000d5c80000,0x00000000d5c80000)
  from space 1024K, 98% used [0x00000000d5c80000,0x00000000d5d7ba88,0x00000000d5d80000)
  to   space 1536K, 0% used [0x00000000d5e00000,0x00000000d5e00000,0x00000000d5f80000)
 ParOldGen       total 166912K, used 166799K [0x0000000080000000, 0x000000008a300000, 0x00000000d5580000)
  object space 166912K, 99% used [0x0000000080000000,0x000000008a2e3fe0,0x000000008a300000)
 Metaspace       used 72537K, committed 74240K, reserved 1179648K
  class space    used 7424K, committed 8192K, reserved 1048576K
}
Event: 79.929 GC heap after
{Heap after GC invocations=351 (full 3):
 PSYoungGen      total 8704K, used 986K [0x00000000d5580000, 0x00000000d5f80000, 0x0000000100000000)
  eden space 7168K, 0% used [0x00000000d5580000,0x00000000d5580000,0x00000000d5c80000)
  from space 1536K, 64% used [0x00000000d5e00000,0x00000000d5ef6a98,0x00000000d5f80000)
  to   space 1536K, 0% used [0x00000000d5c80000,0x00000000d5c80000,0x00000000d5e00000)
 ParOldGen       total 167424K, used 167285K [0x0000000080000000, 0x000000008a380000, 0x00000000d5580000)
  object space 167424K, 99% used [0x0000000080000000,0x000000008a35d720,0x000000008a380000)
 Metaspace       used 72537K, committed 74240K, reserved 1179648K
  class space    used 7424K, committed 8192K, reserved 1048576K
}
Event: 82.033 GC heap before
{Heap before GC invocations=352 (full 3):
 PSYoungGen      total 8704K, used 8154K [0x00000000d5580000, 0x00000000d5f80000, 0x0000000100000000)
  eden space 7168K, 100% used [0x00000000d5580000,0x00000000d5c80000,0x00000000d5c80000)
  from space 1536K, 64% used [0x00000000d5e00000,0x00000000d5ef6a98,0x00000000d5f80000)
  to   space 1536K, 0% used [0x00000000d5c80000,0x00000000d5c80000,0x00000000d5e00000)
 ParOldGen       total 167424K, used 167285K [0x0000000080000000, 0x000000008a380000, 0x00000000d5580000)
  object space 167424K, 99% used [0x0000000080000000,0x000000008a35d720,0x000000008a380000)
 Metaspace       used 72557K, committed 74240K, reserved 1179648K
  class space    used 7426K, committed 8192K, reserved 1048576K
}
Event: 82.035 GC heap after
{Heap after GC invocations=352 (full 3):
 PSYoungGen      total 8704K, used 128K [0x00000000d5580000, 0x00000000d5e80000, 0x0000000100000000)
  eden space 7168K, 0% used [0x00000000d5580000,0x00000000d5580000,0x00000000d5c80000)
  from space 1536K, 8% used [0x00000000d5c80000,0x00000000d5ca0000,0x00000000d5e00000)
  to   space 512K, 0% used [0x00000000d5e00000,0x00000000d5e00000,0x00000000d5e80000)
 ParOldGen       total 167936K, used 167610K [0x0000000080000000, 0x000000008a400000, 0x00000000d5580000)
  object space 167936K, 99% used [0x0000000080000000,0x000000008a3ae988,0x000000008a400000)
 Metaspace       used 72557K, committed 74240K, reserved 1179648K
  class space    used 7426K, committed 8192K, reserved 1048576K
}

