# JRE version: OpenJDK Runtime Environment Temurin-21.0.10+7 (21.0.10+7) (build 21.0.10+7-LTS)
# Java VM: OpenJDK 64-Bit Server VM Temurin-21.0.10+7 (21.0.10+7-LTS, mixed mode, sharing, tiered, compressed oops, compressed class ptrs, parallel gc, windows-amd64)
GC Precious Log:
 CardTable entry size: 512
 CPUs: 8 total, 8 available
 Memory: 8067M
 Large Page Support: Disabled
 NUMA Support: Disabled
 Compressed Oops: Enabled (32-bit)
 Alignments: Space 512K, Generation 512K, Heap 2M
 Heap Min Capacity: 100M
 Heap Initial Capacity: 100M
 Heap Max Capacity: 2G
 Pre-touch: Disabled
 Parallel Workers: 8
Heap:
 PSYoungGen      total 2560K, used 1016K [0x00000000d5580000, 0x00000000d5a80000, 0x0000000100000000)
  eden space 2048K, 35% used [0x00000000d5580000,0x00000000d5636138,0x00000000d5780000)
  from space 512K, 56% used [0x00000000d5980000,0x00000000d59c8000,0x00000000d5a00000)
  to   space 512K, 0% used [0x00000000d5a00000,0x00000000d5a00000,0x00000000d5a80000)
 ParOldGen       total 187904K, used 187649K [0x0000000080000000, 0x000000008b780000, 0x00000000d5580000)
  object space 187904K, 99% used [0x0000000080000000,0x000000008b740630,0x000000008b780000)
 Metaspace       used 72960K, committed 74496K, reserved 1179648K
  class space    used 7454K, committed 8128K, reserved 1048576K
GC Heap History (20 events):
Event: 88.113 GC heap before
{Heap before GC invocations=327 (full 3):
 PSYoungGen      total 6656K, used 6218K [0x00000000d5580000, 0x00000000d6000000, 0x0000000100000000)
  eden space 4608K, 99% used [0x00000000d5580000,0x00000000d59ffff8,0x00000000d5a00000)
  from space 2048K, 78% used [0x00000000d5a00000,0x00000000d5b929c8,0x00000000d5c00000)
  to   space 3072K, 0% used [0x00000000d5d00000,0x00000000d5d00000,0x00000000d6000000)
 ParOldGen       total 177664K, used 177427K [0x0000000080000000, 0x000000008ad80000, 0x00000000d5580000)
  object space 177664K, 99% used [0x0000000080000000,0x000000008ad44e78,0x000000008ad80000)
 Metaspace       used 72537K, committed 74048K, reserved 1179648K
  class space    used 7398K, committed 8064K, reserved 1048576K
}
Event: 88.119 GC heap after
{Heap after GC invocations=327 (full 3):
 PSYoungGen      total 5120K, used 3051K [0x00000000d5580000, 0x00000000d6500000, 0x0000000100000000)
  eden space 2048K, 0% used [0x00000000d5580000,0x00000000d5580000,0x00000000d5780000)
  from space 3072K, 99% used [0x00000000d5d00000,0x00000000d5ffac48,0x00000000d6000000)
  to   space 5632K, 0% used [0x00000000d5780000,0x00000000d5780000,0x00000000d5d00000)
 ParOldGen       total 179712K, used 179256K [0x0000000080000000, 0x000000008af80000, 0x00000000d5580000)
  object space 179712K, 99% used [0x0000000080000000,0x000000008af0e0b8,0x000000008af80000)
 Metaspace       used 72537K, committed 74048K, reserved 1179648K
  class space    used 7398K, committed 8064K, reserved 1048576K
}
Event: 88.467 GC heap before
{Heap before GC invocations=328 (full 3):
 PSYoungGen      total 5120K, used 4995K [0x00000000d5580000, 0x00000000d6500000, 0x0000000100000000)
  eden space 2048K, 94% used [0x00000000d5580000,0x00000000d5766128,0x00000000d5780000)
  from space 3072K, 99% used [0x00000000d5d00000,0x00000000d5ffac48,0x00000000d6000000)
  to   space 5632K, 0% used [0x00000000d5780000,0x00000000d5780000,0x00000000d5d00000)
 ParOldGen       total 181760K, used 180872K [0x0000000080000000, 0x000000008b180000, 0x00000000d5580000)
  object space 181760K, 99% used [0x0000000080000000,0x000000008b0a2068,0x000000008b180000)
 Metaspace       used 72537K, committed 74048K, reserved 1179648K
  class space    used 7398K, committed 8064K, reserved 1048576K
}
Event: 88.470 GC heap after
{Heap after GC invocations=328 (full 3):
 PSYoungGen      total 3584K, used 1304K [0x00000000d5580000, 0x00000000d5d80000, 0x0000000100000000)
  eden space 2048K, 0% used [0x00000000d5580000,0x00000000d5580000,0x00000000d5780000)
  from space 1536K, 84% used [0x00000000d5780000,0x00000000d58c6340,0x00000000d5900000)
  to   space 3072K, 0% used [0x00000000d5a80000,0x00000000d5a80000,0x00000000d5d80000)
 ParOldGen       total 184320K, used 183895K [0x0000000080000000, 0x000000008b400000, 0x00000000d5580000)
  object space 184320K, 99% used [0x0000000080000000,0x000000008b395da0,0x000000008b400000)
 Metaspace       used 72537K, committed 74048K, reserved 1179648K
  class space    used 7398K, committed 8064K, reserved 1048576K
}
Event: 88.779 GC heap before
{Heap before GC invocations=329 (full 3):
 PSYoungGen      total 3584K, used 3352K [0x00000000d5580000, 0x00000000d5d80000, 0x0000000100000000)
  eden space 2048K, 100% used [0x00000000d5580000,0x00000000d5780000,0x00000000d5780000)
  from space 1536K, 84% used [0x00000000d5780000,0x00000000d58c6340,0x00000000d5900000)
  to   space 3072K, 0% used [0x00000000d5a80000,0x00000000d5a80000,0x00000000d5d80000)
 ParOldGen       total 184320K, used 183895K [0x0000000080000000, 0x000000008b400000, 0x00000000d5580000)
  object space 184320K, 99% used [0x0000000080000000,0x000000008b395da0,0x000000008b400000)
 Metaspace       used 72624K, committed 74176K, reserved 1179648K
  class space    used 7422K, committed 8128K, reserved 1048576K
}
Event: 88.781 GC heap after
{Heap after GC invocations=329 (full 3):
 PSYoungGen      total 3584K, used 1162K [0x00000000d5580000, 0x00000000d5c00000, 0x0000000100000000)
  eden space 2048K, 0% used [0x00000000d5580000,0x00000000d5580000,0x00000000d5780000)
  from space 1536K, 75% used [0x00000000d5a80000,0x00000000d5ba2be8,0x00000000d5c00000)
  to   space 1536K, 0% used [0x00000000d5780000,0x00000000d5780000,0x00000000d5900000)
 ParOldGen       total 185344K, used 185106K [0x0000000080000000, 0x000000008b500000, 0x00000000d5580000)
  object space 185344K, 99% used [0x0000000080000000,0x000000008b4c4880,0x000000008b500000)
 Metaspace       used 72624K, committed 74176K, reserved 1179648K
  class space    used 7422K, committed 8128K, reserved 1048576K
}
Event: 88.952 GC heap before
{Heap before GC invocations=330 (full 3):
 PSYoungGen      total 3584K, used 3210K [0x00000000d5580000, 0x00000000d5c00000, 0x0000000100000000)
  eden space 2048K, 100% used [0x00000000d5580000,0x00000000d5780000,0x00000000d5780000)
  from space 1536K, 75% used [0x00000000d5a80000,0x00000000d5ba2be8,0x00000000d5c00000)
  to   space 1536K, 0% used [0x00000000d5780000,0x00000000d5780000,0x00000000d5900000)
 ParOldGen       total 185344K, used 185106K [0x0000000080000000, 0x000000008b500000, 0x00000000d5580000)
  object space 185344K, 99% used [0x0000000080000000,0x000000008b4c4880,0x000000008b500000)
 Metaspace       used 72628K, committed 74176K, reserved 1179648K
  class space    used 7422K, committed 8128K, reserved 1048576K
}
Event: 88.955 GC heap after
{Heap after GC invocations=330 (full 3):
 PSYoungGen      total 3584K, used 480K [0x00000000d5580000, 0x00000000d5b00000, 0x0000000100000000)
  eden space 2048K, 0% used [0x00000000d5580000,0x00000000d5580000,0x00000000d5780000)
  from space 1536K, 31% used [0x00000000d5780000,0x00000000d57f8000,0x00000000d5900000)
  to   space 1024K, 0% used [0x00000000d5a00000,0x00000000d5a00000,0x00000000d5b00000)
 ParOldGen       total 186368K, used 186189K [0x0000000080000000, 0x000000008b600000, 0x00000000d5580000)
  object space 186368K, 99% used [0x0000000080000000,0x000000008b5d3620,0x000000008b600000)
 Metaspace       used 72628K, committed 74176K, reserved 1179648K
  class space    used 7422K, committed 8128K, reserved 1048576K
}
Event: 89.021 GC heap before
{Heap before GC invocations=331 (full 3):
 PSYoungGen      total 3584K, used 2528K [0x00000000d5580000, 0x00000000d5b00000, 0x0000000100000000)
  eden space 2048K, 100% used [0x00000000d5580000,0x00000000d5780000,0x00000000d5780000)
  from space 1536K, 31% used [0x00000000d5780000,0x00000000d57f8000,0x00000000d5900000)
  to   space 1024K, 0% used [0x00000000d5a00000,0x00000000d5a00000,0x00000000d5b00000)
 ParOldGen       total 186368K, used 186189K [0x0000000080000000, 0x000000008b600000, 0x00000000d5580000)
  object space 186368K, 99% used [0x0000000080000000,0x000000008b5d3620,0x000000008b600000)
 Metaspace       used 72633K, committed 74176K, reserved 1179648K
  class space    used 7422K, committed 8128K, reserved 1048576K
}
Event: 89.022 GC heap after
{Heap after GC invocations=331 (full 3):
 PSYoungGen      total 2560K, used 481K [0x00000000d5580000, 0x00000000d5a80000, 0x0000000100000000)
  eden space 2048K, 0% used [0x00000000d5580000,0x00000000d5580000,0x00000000d5780000)
  from space 512K, 94% used [0x00000000d5a00000,0x00000000d5a78728,0x00000000d5a80000)
  to   space 1024K, 0% used [0x00000000d5880000,0x00000000d5880000,0x00000000d5980000)
 ParOldGen       total 186880K, used 186573K [0x0000000080000000, 0x000000008b680000, 0x00000000d5580000)
  object space 186880K, 99% used [0x0000000080000000,0x000000008b633620,0x000000008b680000)
 Metaspace       used 72633K, committed 74176K, reserved 1179648K
  class space    used 7422K, committed 8128K, reserved 1048576K
}
Event: 89.367 GC heap before
{Heap before GC invocations=332 (full 3):
 PSYoungGen      total 2560K, used 2529K [0x00000000d5580000, 0x00000000d5a80000, 0x0000000100000000)
  eden space 2048K, 100% used [0x00000000d5580000,0x00000000d5780000,0x00000000d5780000)
  from space 512K, 94% used [0x00000000d5a00000,0x00000000d5a78728,0x00000000d5a80000)
  to   space 1024K, 0% used [0x00000000d5880000,0x00000000d5880000,0x00000000d5980000)
 ParOldGen       total 186880K, used 186573K [0x0000000080000000, 0x000000008b680000, 0x00000000d5580000)
  object space 186880K, 99% used [0x0000000080000000,0x000000008b633620,0x000000008b680000)
 Metaspace       used 72640K, committed 74240K, reserved 1179648K
  class space    used 7422K, committed 8128K, reserved 1048576K
}
Event: 89.369 GC heap after
{Heap after GC invocations=332 (full 3):
 PSYoungGen      total 3072K, used 416K [0x00000000d5580000, 0x00000000d5a80000, 0x0000000100000000)
  eden space 2048K, 0% used [0x00000000d5580000,0x00000000d5580000,0x00000000d5780000)
  from space 1024K, 40% used [0x00000000d5880000,0x00000000d58e8000,0x00000000d5980000)
  to   space 512K, 0% used [0x00000000d5a00000,0x00000000d5a00000,0x00000000d5a80000)
 ParOldGen       total 186880K, used 186837K [0x0000000080000000, 0x000000008b680000, 0x00000000d5580000)
  object space 186880K, 99% used [0x0000000080000000,0x000000008b675620,0x000000008b680000)
 Metaspace       used 72640K, committed 74240K, reserved 1179648K
  class space    used 7422K, committed 8128K, reserved 1048576K
}
Event: 89.468 GC heap before
{Heap before GC invocations=333 (full 3):
 PSYoungGen      total 3072K, used 2464K [0x00000000d5580000, 0x00000000d5a80000, 0x0000000100000000)
  eden space 2048K, 100% used [0x00000000d5580000,0x00000000d5780000,0x00000000d5780000)
  from space 1024K, 40% used [0x00000000d5880000,0x00000000d58e8000,0x00000000d5980000)
  to   space 512K, 0% used [0x00000000d5a00000,0x00000000d5a00000,0x00000000d5a80000)
 ParOldGen       total 186880K, used 186837K [0x0000000080000000, 0x000000008b680000, 0x00000000d5580000)
  object space 186880K, 99% used [0x0000000080000000,0x000000008b675620,0x000000008b680000)
 Metaspace       used 72640K, committed 74240K, reserved 1179648K
  class space    used 7422K, committed 8128K, reserved 1048576K
}
Event: 89.470 GC heap after
{Heap after GC invocations=333 (full 3):
 PSYoungGen      total 2560K, used 384K [0x00000000d5580000, 0x00000000d5a80000, 0x0000000100000000)
  eden space 2048K, 0% used [0x00000000d5580000,0x00000000d5580000,0x00000000d5780000)
  from space 512K, 75% used [0x00000000d5a00000,0x00000000d5a60000,0x00000000d5a80000)
  to   space 512K, 0% used [0x00000000d5980000,0x00000000d5980000,0x00000000d5a00000)
 ParOldGen       total 187392K, used 187097K [0x0000000080000000, 0x000000008b700000, 0x00000000d5580000)
  object space 187392K, 99% used [0x0000000080000000,0x000000008b6b6630,0x000000008b700000)
 Metaspace       used 72640K, committed 74240K, reserved 1179648K
  class space    used 7422K, committed 8128K, reserved 1048576K
}
Event: 89.512 GC heap before
{Heap before GC invocations=334 (full 3):
 PSYoungGen      total 2560K, used 2432K [0x00000000d5580000, 0x00000000d5a80000, 0x0000000100000000)
  eden space 2048K, 100% used [0x00000000d5580000,0x00000000d5780000,0x00000000d5780000)
  from space 512K, 75% used [0x00000000d5a00000,0x00000000d5a60000,0x00000000d5a80000)
  to   space 512K, 0% used [0x00000000d5980000,0x00000000d5980000,0x00000000d5a00000)
 ParOldGen       total 187392K, used 187097K [0x0000000080000000, 0x000000008b700000, 0x00000000d5580000)
  object space 187392K, 99% used [0x0000000080000000,0x000000008b6b6630,0x000000008b700000)
 Metaspace       used 72640K, committed 74240K, reserved 1179648K
  class space    used 7422K, committed 8128K, reserved 1048576K
}
Event: 89.513 GC heap after
{Heap after GC invocations=334 (full 3):
 PSYoungGen      total 2560K, used 384K [0x00000000d5580000, 0x00000000d5a80000, 0x0000000100000000)
  eden space 2048K, 0% used [0x00000000d5580000,0x00000000d5580000,0x00000000d5780000)
  from space 512K, 75% used [0x00000000d5980000,0x00000000d59e0000,0x00000000d5a00000)
  to   space 512K, 0% used [0x00000000d5a00000,0x00000000d5a00000,0x00000000d5a80000)
 ParOldGen       total 187392K, used 187345K [0x0000000080000000, 0x000000008b700000, 0x00000000d5580000)
  object space 187392K, 99% used [0x0000000080000000,0x000000008b6f4630,0x000000008b700000)
 Metaspace       used 72640K, committed 74240K, reserved 1179648K
  class space    used 7422K, committed 8128K, reserved 1048576K
}
Event: 89.640 GC heap before
{Heap before GC invocations=335 (full 3):
 PSYoungGen      total 2560K, used 2432K [0x00000000d5580000, 0x00000000d5a80000, 0x0000000100000000)
  eden space 2048K, 100% used [0x00000000d5580000,0x00000000d5780000,0x00000000d5780000)
  from space 512K, 75% used [0x00000000d5980000,0x00000000d59e0000,0x00000000d5a00000)
  to   space 512K, 0% used [0x00000000d5a00000,0x00000000d5a00000,0x00000000d5a80000)
 ParOldGen       total 187392K, used 187345K [0x0000000080000000, 0x000000008b700000, 0x00000000d5580000)
  object space 187392K, 99% used [0x0000000080000000,0x000000008b6f4630,0x000000008b700000)
 Metaspace       used 72640K, committed 74240K, reserved 1179648K
  class space    used 7422K, committed 8128K, reserved 1048576K
}
Event: 89.642 GC heap after
{Heap after GC invocations=335 (full 3):
 PSYoungGen      total 2560K, used 402K [0x00000000d5580000, 0x00000000d5a80000, 0x0000000100000000)
  eden space 2048K, 0% used [0x00000000d5580000,0x00000000d5580000,0x00000000d5780000)
  from space 512K, 78% used [0x00000000d5a00000,0x00000000d5a64800,0x00000000d5a80000)
  to   space 512K, 0% used [0x00000000d5980000,0x00000000d5980000,0x00000000d5a00000)
 ParOldGen       total 187904K, used 187569K [0x0000000080000000, 0x000000008b780000, 0x00000000d5580000)
  object space 187904K, 99% used [0x0000000080000000,0x000000008b72c630,0x000000008b780000)
 Metaspace       used 72640K, committed 74240K, reserved 1179648K
  class space    used 7422K, committed 8128K, reserved 1048576K
}
Event: 332.445 GC heap before
{Heap before GC invocations=336 (full 3):
 PSYoungGen      total 2560K, used 2449K [0x00000000d5580000, 0x00000000d5a80000, 0x0000000100000000)
  eden space 2048K, 99% used [0x00000000d5580000,0x00000000d577ff80,0x00000000d5780000)
  from space 512K, 78% used [0x00000000d5a00000,0x00000000d5a64800,0x00000000d5a80000)
  to   space 512K, 0% used [0x00000000d5980000,0x00000000d5980000,0x00000000d5a00000)
 ParOldGen       total 187904K, used 187569K [0x0000000080000000, 0x000000008b780000, 0x00000000d5580000)
  object space 187904K, 99% used [0x0000000080000000,0x000000008b72c630,0x000000008b780000)
 Metaspace       used 72899K, committed 74496K, reserved 1179648K
  class space    used 7447K, committed 8128K, reserved 1048576K
}
Event: 332.496 GC heap after
{Heap after GC invocations=336 (full 3):
 PSYoungGen      total 2560K, used 288K [0x00000000d5580000, 0x00000000d5a80000, 0x0000000100000000)
  eden space 2048K, 0% used [0x00000000d5580000,0x00000000d5580000,0x00000000d5780000)
  from space 512K, 56% used [0x00000000d5980000,0x00000000d59c8000,0x00000000d5a00000)
  to   space 512K, 0% used [0x00000000d5a00000,0x00000000d5a00000,0x00000000d5a80000)
 ParOldGen       total 187904K, used 187649K [0x0000000080000000, 0x000000008b780000, 0x00000000d5580000)
  object space 187904K, 99% used [0x0000000080000000,0x000000008b740630,0x000000008b780000)
 Metaspace       used 72899K, committed 74496K, reserved 1179648K
  class space    used 7447K, committed 8128K, reserved 1048576K
}

