# JRE version: OpenJDK Runtime Environment Temurin-21.0.10+7 (21.0.10+7) (build 21.0.10+7-LTS)
# Java VM: OpenJDK 64-Bit Server VM Temurin-21.0.10+7 (21.0.10+7-LTS, mixed mode, sharing, tiered, compressed oops, compressed class ptrs, parallel gc, windows-amd64)
GC Precious Log:
 CardTable entry size: 512
 CPUs: 8 total, 8 available
 Memory: 8067M
 Large Page Support: Disabled
 NUMA Support: Disabled
 Compressed Oops: Enabled (32-bit)
 Alignments: Space 512K, Generation 512K, Heap 2M
 Heap Min Capacity: 100M
 Heap Initial Capacity: 100M
 Heap Max Capacity: 2G
 Pre-touch: Disabled
 Parallel Workers: 8
Heap:
 PSYoungGen      total 2560K, used 1344K [0x00000000d5580000, 0x00000000d5c80000, 0x0000000100000000)
  eden space 2048K, 56% used [0x00000000d5580000,0x00000000d56a0210,0x00000000d5780000)
  from space 512K, 37% used [0x00000000d5c00000,0x00000000d5c30000,0x00000000d5c80000)
  to   space 512K, 0% used [0x00000000d5b80000,0x00000000d5b80000,0x00000000d5c00000)
 ParOldGen       total 752640K, used 752542K [0x0000000080000000, 0x00000000adf00000, 0x00000000d5580000)
  object space 752640K, 99% used [0x0000000080000000,0x00000000adee7a70,0x00000000adf00000)
 Metaspace       used 81122K, committed 83008K, reserved 1179648K
  class space    used 8207K, committed 9088K, reserved 1048576K
GC Heap History (20 events):
Event: 1483.228 GC heap before
{Heap before GC invocations=1129 (full 4):
 PSYoungGen      total 2560K, used 2548K [0x00000000d5580000, 0x00000000d5e80000, 0x0000000100000000)
  eden space 2048K, 100% used [0x00000000d5580000,0x00000000d5780000,0x00000000d5780000)
  from space 512K, 97% used [0x00000000d5e00000,0x00000000d5e7d200,0x00000000d5e80000)
  to   space 1024K, 0% used [0x00000000d5c80000,0x00000000d5c80000,0x00000000d5d80000)
 ParOldGen       total 747520K, used 747073K [0x0000000080000000, 0x00000000ada00000, 0x00000000d5580000)
  object space 747520K, 99% used [0x0000000080000000,0x00000000ad990780,0x00000000ada00000)
 Metaspace       used 80212K, committed 81984K, reserved 1179648K
  class space    used 8108K, committed 8960K, reserved 1048576K
}
Event: 1483.232 GC heap after
{Heap after GC invocations=1129 (full 4):
 PSYoungGen      total 3072K, used 432K [0x00000000d5580000, 0x00000000d5e80000, 0x0000000100000000)
  eden space 2048K, 0% used [0x00000000d5580000,0x00000000d5580000,0x00000000d5780000)
  from space 1024K, 42% used [0x00000000d5c80000,0x00000000d5cec010,0x00000000d5d80000)
  to   space 1024K, 0% used [0x00000000d5d80000,0x00000000d5d80000,0x00000000d5e80000)
 ParOldGen       total 747520K, used 747443K [0x0000000080000000, 0x00000000ada00000, 0x00000000d5580000)
  object space 747520K, 99% used [0x0000000080000000,0x00000000ad9ecc10,0x00000000ada00000)
 Metaspace       used 80212K, committed 81984K, reserved 1179648K
  class space    used 8108K, committed 8960K, reserved 1048576K
}
Event: 1483.244 GC heap before
{Heap before GC invocations=1130 (full 4):
 PSYoungGen      total 3072K, used 2480K [0x00000000d5580000, 0x00000000d5e80000, 0x0000000100000000)
  eden space 2048K, 100% used [0x00000000d5580000,0x00000000d5780000,0x00000000d5780000)
  from space 1024K, 42% used [0x00000000d5c80000,0x00000000d5cec010,0x00000000d5d80000)
  to   space 1024K, 0% used [0x00000000d5d80000,0x00000000d5d80000,0x00000000d5e80000)
 ParOldGen       total 747520K, used 747449K [0x0000000080000000, 0x00000000ada00000, 0x00000000d5580000)
  object space 747520K, 99% used [0x0000000080000000,0x00000000ad9ee4d0,0x00000000ada00000)
 Metaspace       used 80215K, committed 81984K, reserved 1179648K
  class space    used 8108K, committed 8960K, reserved 1048576K
}
Event: 1483.249 GC heap after
{Heap after GC invocations=1130 (full 4):
 PSYoungGen      total 2560K, used 448K [0x00000000d5580000, 0x00000000d5e00000, 0x0000000100000000)
  eden space 2048K, 0% used [0x00000000d5580000,0x00000000d5580000,0x00000000d5780000)
  from space 512K, 87% used [0x00000000d5d80000,0x00000000d5df0000,0x00000000d5e00000)
  to   space 512K, 0% used [0x00000000d5d00000,0x00000000d5d00000,0x00000000d5d80000)
 ParOldGen       total 748032K, used 747801K [0x0000000080000000, 0x00000000ada80000, 0x00000000d5580000)
  object space 748032K, 99% used [0x0000000080000000,0x00000000ada464e0,0x00000000ada80000)
 Metaspace       used 80215K, committed 81984K, reserved 1179648K
  class space    used 8108K, committed 8960K, reserved 1048576K
}
Event: 1483.431 GC heap before
{Heap before GC invocations=1131 (full 4):
 PSYoungGen      total 2560K, used 2496K [0x00000000d5580000, 0x00000000d5e00000, 0x0000000100000000)
  eden space 2048K, 100% used [0x00000000d5580000,0x00000000d5780000,0x00000000d5780000)
  from space 512K, 87% used [0x00000000d5d80000,0x00000000d5df0000,0x00000000d5e00000)
  to   space 512K, 0% used [0x00000000d5d00000,0x00000000d5d00000,0x00000000d5d80000)
 ParOldGen       total 748032K, used 747803K [0x0000000080000000, 0x00000000ada80000, 0x00000000d5580000)
  object space 748032K, 99% used [0x0000000080000000,0x00000000ada46ca0,0x00000000ada80000)
 Metaspace       used 80272K, committed 82048K, reserved 1179648K
  class space    used 8115K, committed 8960K, reserved 1048576K
}
Event: 1483.435 GC heap after
{Heap after GC invocations=1131 (full 4):
 PSYoungGen      total 2560K, used 224K [0x00000000d5580000, 0x00000000d5e00000, 0x0000000100000000)
  eden space 2048K, 0% used [0x00000000d5580000,0x00000000d5580000,0x00000000d5780000)
  from space 512K, 43% used [0x00000000d5d00000,0x00000000d5d38000,0x00000000d5d80000)
  to   space 512K, 0% used [0x00000000d5d80000,0x00000000d5d80000,0x00000000d5e00000)
 ParOldGen       total 748544K, used 748139K [0x0000000080000000, 0x00000000adb00000, 0x00000000d5580000)
  object space 748544K, 99% used [0x0000000080000000,0x00000000ada9aca0,0x00000000adb00000)
 Metaspace       used 80272K, committed 82048K, reserved 1179648K
  class space    used 8115K, committed 8960K, reserved 1048576K
}
Event: 1483.497 GC heap before
{Heap before GC invocations=1132 (full 4):
 PSYoungGen      total 2560K, used 2267K [0x00000000d5580000, 0x00000000d5e00000, 0x0000000100000000)
  eden space 2048K, 99% used [0x00000000d5580000,0x00000000d577ee60,0x00000000d5780000)
  from space 512K, 43% used [0x00000000d5d00000,0x00000000d5d38000,0x00000000d5d80000)
  to   space 512K, 0% used [0x00000000d5d80000,0x00000000d5d80000,0x00000000d5e00000)
 ParOldGen       total 748544K, used 748139K [0x0000000080000000, 0x00000000adb00000, 0x00000000d5580000)
  object space 748544K, 99% used [0x0000000080000000,0x00000000ada9aca0,0x00000000adb00000)
 Metaspace       used 80298K, committed 82048K, reserved 1179648K
  class space    used 8118K, committed 8960K, reserved 1048576K
}
Event: 1483.500 GC heap after
{Heap after GC invocations=1132 (full 4):
 PSYoungGen      total 2560K, used 297K [0x00000000d5580000, 0x00000000d5e00000, 0x0000000100000000)
  eden space 2048K, 0% used [0x00000000d5580000,0x00000000d5580000,0x00000000d5780000)
  from space 512K, 58% used [0x00000000d5d80000,0x00000000d5dca400,0x00000000d5e00000)
  to   space 512K, 0% used [0x00000000d5d00000,0x00000000d5d00000,0x00000000d5d80000)
 ParOldGen       total 748544K, used 748203K [0x0000000080000000, 0x00000000adb00000, 0x00000000d5580000)
  object space 748544K, 99% used [0x0000000080000000,0x00000000adaaaca0,0x00000000adb00000)
 Metaspace       used 80298K, committed 82048K, reserved 1179648K
  class space    used 8118K, committed 8960K, reserved 1048576K
}
Event: 1483.526 GC heap before
{Heap before GC invocations=1133 (full 4):
 PSYoungGen      total 2560K, used 2345K [0x00000000d5580000, 0x00000000d5e00000, 0x0000000100000000)
  eden space 2048K, 100% used [0x00000000d5580000,0x00000000d5780000,0x00000000d5780000)
  from space 512K, 58% used [0x00000000d5d80000,0x00000000d5dca400,0x00000000d5e00000)
  to   space 512K, 0% used [0x00000000d5d00000,0x00000000d5d00000,0x00000000d5d80000)
 ParOldGen       total 748544K, used 748203K [0x0000000080000000, 0x00000000adb00000, 0x00000000d5580000)
  object space 748544K, 99% used [0x0000000080000000,0x00000000adaaaca0,0x00000000adb00000)
 Metaspace       used 80301K, committed 82048K, reserved 1179648K
  class space    used 8119K, committed 8960K, reserved 1048576K
}
Event: 1483.530 GC heap after
{Heap after GC invocations=1133 (full 4):
 PSYoungGen      total 2560K, used 510K [0x00000000d5580000, 0x00000000d5e00000, 0x0000000100000000)
  eden space 2048K, 0% used [0x00000000d5580000,0x00000000d5580000,0x00000000d5780000)
  from space 512K, 99% used [0x00000000d5d00000,0x00000000d5d7f960,0x00000000d5d80000)
  to   space 512K, 0% used [0x00000000d5d80000,0x00000000d5d80000,0x00000000d5e00000)
 ParOldGen       total 749056K, used 748844K [0x0000000080000000, 0x00000000adb80000, 0x00000000d5580000)
  object space 749056K, 99% used [0x0000000080000000,0x00000000adb4b0a0,0x00000000adb80000)
 Metaspace       used 80301K, committed 82048K, reserved 1179648K
  class space    used 8119K, committed 8960K, reserved 1048576K
}
Event: 1483.553 GC heap before
{Heap before GC invocations=1134 (full 4):
 PSYoungGen      total 2560K, used 2558K [0x00000000d5580000, 0x00000000d5e00000, 0x0000000100000000)
  eden space 2048K, 100% used [0x00000000d5580000,0x00000000d5780000,0x00000000d5780000)
  from space 512K, 99% used [0x00000000d5d00000,0x00000000d5d7f960,0x00000000d5d80000)
  to   space 512K, 0% used [0x00000000d5d80000,0x00000000d5d80000,0x00000000d5e00000)
 ParOldGen       total 749056K, used 748844K [0x0000000080000000, 0x00000000adb80000, 0x00000000d5580000)
  object space 749056K, 99% used [0x0000000080000000,0x00000000adb4b0a0,0x00000000adb80000)
 Metaspace       used 80302K, committed 82048K, reserved 1179648K
  class space    used 8119K, committed 8960K, reserved 1048576K
}
Event: 1483.557 GC heap after
{Heap after GC invocations=1134 (full 4):
 PSYoungGen      total 2560K, used 512K [0x00000000d5580000, 0x00000000d5e00000, 0x0000000100000000)
  eden space 2048K, 0% used [0x00000000d5580000,0x00000000d5580000,0x00000000d5780000)
  from space 512K, 100% used [0x00000000d5d80000,0x00000000d5e00000,0x00000000d5e00000)
  to   space 3072K, 0% used [0x00000000d5800000,0x00000000d5800000,0x00000000d5b00000)
 ParOldGen       total 751104K, used 750746K [0x0000000080000000, 0x00000000add80000, 0x00000000d5580000)
  object space 751104K, 99% used [0x0000000080000000,0x00000000add26a00,0x00000000add80000)
 Metaspace       used 80302K, committed 82048K, reserved 1179648K
  class space    used 8119K, committed 8960K, reserved 1048576K
}
Event: 1483.658 GC heap before
{Heap before GC invocations=1135 (full 4):
 PSYoungGen      total 2560K, used 2560K [0x00000000d5580000, 0x00000000d5e00000, 0x0000000100000000)
  eden space 2048K, 100% used [0x00000000d5580000,0x00000000d5780000,0x00000000d5780000)
  from space 512K, 100% used [0x00000000d5d80000,0x00000000d5e00000,0x00000000d5e00000)
  to   space 3072K, 0% used [0x00000000d5800000,0x00000000d5800000,0x00000000d5b00000)
 ParOldGen       total 751104K, used 750746K [0x0000000080000000, 0x00000000add80000, 0x00000000d5580000)
  object space 751104K, 99% used [0x0000000080000000,0x00000000add26a00,0x00000000add80000)
 Metaspace       used 80333K, committed 82112K, reserved 1179648K
  class space    used 8120K, committed 8960K, reserved 1048576K
}
Event: 1483.661 GC heap after
{Heap after GC invocations=1135 (full 4):
 PSYoungGen      total 5120K, used 1242K [0x00000000d5580000, 0x00000000d5e00000, 0x0000000100000000)
  eden space 2048K, 0% used [0x00000000d5580000,0x00000000d5580000,0x00000000d5780000)
  from space 3072K, 40% used [0x00000000d5800000,0x00000000d5936ae8,0x00000000d5b00000)
  to   space 2048K, 0% used [0x00000000d5c00000,0x00000000d5c00000,0x00000000d5e00000)
 ParOldGen       total 751616K, used 751290K [0x0000000080000000, 0x00000000ade00000, 0x00000000d5580000)
  object space 751616K, 99% used [0x0000000080000000,0x00000000addaea00,0x00000000ade00000)
 Metaspace       used 80333K, committed 82112K, reserved 1179648K
  class space    used 8120K, committed 8960K, reserved 1048576K
}
Event: 1483.843 GC heap before
{Heap before GC invocations=1136 (full 4):
 PSYoungGen      total 5120K, used 3290K [0x00000000d5580000, 0x00000000d5e00000, 0x0000000100000000)
  eden space 2048K, 100% used [0x00000000d5580000,0x00000000d5780000,0x00000000d5780000)
  from space 3072K, 40% used [0x00000000d5800000,0x00000000d5936ae8,0x00000000d5b00000)
  to   space 2048K, 0% used [0x00000000d5c00000,0x00000000d5c00000,0x00000000d5e00000)
 ParOldGen       total 751616K, used 751290K [0x0000000080000000, 0x00000000ade00000, 0x00000000d5580000)
  object space 751616K, 99% used [0x0000000080000000,0x00000000addaea00,0x00000000ade00000)
 Metaspace       used 80600K, committed 82368K, reserved 1179648K
  class space    used 8143K, committed 8960K, reserved 1048576K
}
Event: 1483.848 GC heap after
{Heap after GC invocations=1136 (full 4):
 PSYoungGen      total 2560K, used 410K [0x00000000d5580000, 0x00000000d5c80000, 0x0000000100000000)
  eden space 2048K, 0% used [0x00000000d5580000,0x00000000d5580000,0x00000000d5780000)
  from space 512K, 80% used [0x00000000d5c00000,0x00000000d5c66a58,0x00000000d5c80000)
  to   space 1024K, 0% used [0x00000000d5a80000,0x00000000d5a80000,0x00000000d5b80000)
 ParOldGen       total 752640K, used 752347K [0x0000000080000000, 0x00000000adf00000, 0x00000000d5580000)
  object space 752640K, 99% used [0x0000000080000000,0x00000000adeb6ff8,0x00000000adf00000)
 Metaspace       used 80600K, committed 82368K, reserved 1179648K
  class space    used 8143K, committed 8960K, reserved 1048576K
}
Event: 1484.020 GC heap before
{Heap before GC invocations=1137 (full 4):
 PSYoungGen      total 2560K, used 2448K [0x00000000d5580000, 0x00000000d5c80000, 0x0000000100000000)
  eden space 2048K, 99% used [0x00000000d5580000,0x00000000d577d958,0x00000000d5780000)
  from space 512K, 80% used [0x00000000d5c00000,0x00000000d5c66a58,0x00000000d5c80000)
  to   space 1024K, 0% used [0x00000000d5a80000,0x00000000d5a80000,0x00000000d5b80000)
 ParOldGen       total 752640K, used 752347K [0x0000000080000000, 0x00000000adf00000, 0x00000000d5580000)
  object space 752640K, 99% used [0x0000000080000000,0x00000000adeb6ff8,0x00000000adf00000)
 Metaspace       used 81040K, committed 82880K, reserved 1179648K
  class space    used 8202K, committed 9088K, reserved 1048576K
}
Event: 1484.025 GC heap after
{Heap after GC invocations=1137 (full 4):
 PSYoungGen      total 3072K, used 256K [0x00000000d5580000, 0x00000000d5c80000, 0x0000000100000000)
  eden space 2048K, 0% used [0x00000000d5580000,0x00000000d5580000,0x00000000d5780000)
  from space 1024K, 25% used [0x00000000d5a80000,0x00000000d5ac0000,0x00000000d5b80000)
  to   space 512K, 0% used [0x00000000d5c00000,0x00000000d5c00000,0x00000000d5c80000)
 ParOldGen       total 752640K, used 752435K [0x0000000080000000, 0x00000000adf00000, 0x00000000d5580000)
  object space 752640K, 99% used [0x0000000080000000,0x00000000adeccc70,0x00000000adf00000)
 Metaspace       used 81040K, committed 82880K, reserved 1179648K
  class space    used 8202K, committed 9088K, reserved 1048576K
}
Event: 1555.072 GC heap before
{Heap before GC invocations=1138 (full 4):
 PSYoungGen      total 3072K, used 2304K [0x00000000d5580000, 0x00000000d5c80000, 0x0000000100000000)
  eden space 2048K, 100% used [0x00000000d5580000,0x00000000d5780000,0x00000000d5780000)
  from space 1024K, 25% used [0x00000000d5a80000,0x00000000d5ac0000,0x00000000d5b80000)
  to   space 512K, 0% used [0x00000000d5c00000,0x00000000d5c00000,0x00000000d5c80000)
 ParOldGen       total 752640K, used 752435K [0x0000000080000000, 0x00000000adf00000, 0x00000000d5580000)
  object space 752640K, 99% used [0x0000000080000000,0x00000000adeccc70,0x00000000adf00000)
 Metaspace       used 81112K, committed 83008K, reserved 1179648K
  class space    used 8207K, committed 9088K, reserved 1048576K
}
Event: 1555.076 GC heap after
{Heap after GC invocations=1138 (full 4):
 PSYoungGen      total 2560K, used 192K [0x00000000d5580000, 0x00000000d5c80000, 0x0000000100000000)
  eden space 2048K, 0% used [0x00000000d5580000,0x00000000d5580000,0x00000000d5780000)
  from space 512K, 37% used [0x00000000d5c00000,0x00000000d5c30000,0x00000000d5c80000)
  to   space 512K, 0% used [0x00000000d5b80000,0x00000000d5b80000,0x00000000d5c00000)
 ParOldGen       total 752640K, used 752542K [0x0000000080000000, 0x00000000adf00000, 0x00000000d5580000)
  object space 752640K, 99% used [0x0000000080000000,0x00000000adee7a70,0x00000000adf00000)
 Metaspace       used 81112K, committed 83008K, reserved 1179648K
  class space    used 8207K, committed 9088K, reserved 1048576K
}

