# JRE version: OpenJDK Runtime Environment Temurin-21.0.10+7 (21.0.10+7) (build 21.0.10+7-LTS)
# Java VM: OpenJDK 64-Bit Server VM Temurin-21.0.10+7 (21.0.10+7-LTS, mixed mode, sharing, tiered, compressed oops, compressed class ptrs, parallel gc, windows-amd64)
GC Precious Log:
 CardTable entry size: 512
 CPUs: 8 total, 8 available
 Memory: 8067M
 Large Page Support: Disabled
 NUMA Support: Disabled
 Compressed Oops: Enabled (32-bit)
 Alignments: Space 512K, Generation 512K, Heap 2M
 Heap Min Capacity: 100M
 Heap Initial Capacity: 100M
 Heap Max Capacity: 2G
 Pre-touch: Disabled
 Parallel Workers: 8
Heap:
 PSYoungGen      total 10752K, used 2324K [0x00000000d5580000, 0x00000000d6200000, 0x0000000100000000)
  eden space 9216K, 9% used [0x00000000d5580000,0x00000000d5662c08,0x00000000d5e80000)
  from space 1536K, 92% used [0x00000000d6080000,0x00000000d61e24e0,0x00000000d6200000)
  to   space 1536K, 0% used [0x00000000d5f00000,0x00000000d5f00000,0x00000000d6080000)
 ParOldGen       total 68608K, used 60208K [0x0000000080000000, 0x0000000084300000, 0x00000000d5580000)
  object space 68608K, 87% used [0x0000000080000000,0x0000000083acc210,0x0000000084300000)
 Metaspace       used 58929K, committed 60416K, reserved 1114112K
  class space    used 6224K, committed 6912K, reserved 1048576K
GC Heap History (20 events):
Event: 28.400 GC heap before
{Heap before GC invocations=46 (full 2):
 PSYoungGen      total 10240K, used 9782K [0x00000000d5580000, 0x00000000d6080000, 0x0000000100000000)
  eden space 9216K, 100% used [0x00000000d5580000,0x00000000d5e80000,0x00000000d5e80000)
  from space 1024K, 55% used [0x00000000d5e80000,0x00000000d5f0da28,0x00000000d5f80000)
  to   space 1024K, 0% used [0x00000000d5f80000,0x00000000d5f80000,0x00000000d6080000)
 ParOldGen       total 68608K, used 62041K [0x0000000080000000, 0x0000000084300000, 0x00000000d5580000)
  object space 68608K, 90% used [0x0000000080000000,0x0000000083c964b0,0x0000000084300000)
 Metaspace       used 55573K, committed 56960K, reserved 1114112K
  class space    used 5959K, committed 6528K, reserved 1048576K
}
Event: 28.402 GC heap after
{Heap after GC invocations=46 (full 2):
 PSYoungGen      total 9728K, used 288K [0x00000000d5580000, 0x00000000d6000000, 0x0000000100000000)
  eden space 9216K, 0% used [0x00000000d5580000,0x00000000d5580000,0x00000000d5e80000)
  from space 512K, 56% used [0x00000000d5f80000,0x00000000d5fc8000,0x00000000d6000000)
  to   space 512K, 0% used [0x00000000d5f00000,0x00000000d5f00000,0x00000000d5f80000)
 ParOldGen       total 68608K, used 62041K [0x0000000080000000, 0x0000000084300000, 0x00000000d5580000)
  object space 68608K, 90% used [0x0000000080000000,0x0000000083c964b0,0x0000000084300000)
 Metaspace       used 55573K, committed 56960K, reserved 1114112K
  class space    used 5959K, committed 6528K, reserved 1048576K
}
Event: 28.984 GC heap before
{Heap before GC invocations=47 (full 2):
 PSYoungGen      total 9728K, used 9504K [0x00000000d5580000, 0x00000000d6000000, 0x0000000100000000)
  eden space 9216K, 100% used [0x00000000d5580000,0x00000000d5e80000,0x00000000d5e80000)
  from space 512K, 56% used [0x00000000d5f80000,0x00000000d5fc8000,0x00000000d6000000)
  to   space 512K, 0% used [0x00000000d5f00000,0x00000000d5f00000,0x00000000d5f80000)
 ParOldGen       total 68608K, used 62041K [0x0000000080000000, 0x0000000084300000, 0x00000000d5580000)
  object space 68608K, 90% used [0x0000000080000000,0x0000000083c964b0,0x0000000084300000)
 Metaspace       used 55787K, committed 57152K, reserved 1114112K
  class space    used 5980K, committed 6592K, reserved 1048576K
}
Event: 28.985 GC heap after
{Heap after GC invocations=47 (full 2):
 PSYoungGen      total 9728K, used 512K [0x00000000d5580000, 0x00000000d6180000, 0x0000000100000000)
  eden space 9216K, 0% used [0x00000000d5580000,0x00000000d5580000,0x00000000d5e80000)
  from space 512K, 100% used [0x00000000d5f00000,0x00000000d5f80000,0x00000000d5f80000)
  to   space 1536K, 0% used [0x00000000d6000000,0x00000000d6000000,0x00000000d6180000)
 ParOldGen       total 68608K, used 62497K [0x0000000080000000, 0x0000000084300000, 0x00000000d5580000)
  object space 68608K, 91% used [0x0000000080000000,0x0000000083d08550,0x0000000084300000)
 Metaspace       used 55787K, committed 57152K, reserved 1114112K
  class space    used 5980K, committed 6592K, reserved 1048576K
}
Event: 29.769 GC heap before
{Heap before GC invocations=48 (full 2):
 PSYoungGen      total 9728K, used 9728K [0x00000000d5580000, 0x00000000d6180000, 0x0000000100000000)
  eden space 9216K, 100% used [0x00000000d5580000,0x00000000d5e80000,0x00000000d5e80000)
  from space 512K, 100% used [0x00000000d5f00000,0x00000000d5f80000,0x00000000d5f80000)
  to   space 1536K, 0% used [0x00000000d6000000,0x00000000d6000000,0x00000000d6180000)
 ParOldGen       total 68608K, used 62497K [0x0000000080000000, 0x0000000084300000, 0x00000000d5580000)
  object space 68608K, 91% used [0x0000000080000000,0x0000000083d08550,0x0000000084300000)
 Metaspace       used 56567K, committed 57984K, reserved 1114112K
  class space    used 6054K, committed 6720K, reserved 1048576K
}
Event: 29.773 GC heap after
{Heap after GC invocations=48 (full 2):
 PSYoungGen      total 10752K, used 1059K [0x00000000d5580000, 0x00000000d6180000, 0x0000000100000000)
  eden space 9216K, 0% used [0x00000000d5580000,0x00000000d5580000,0x00000000d5e80000)
  from space 1536K, 68% used [0x00000000d6000000,0x00000000d6108e58,0x00000000d6180000)
  to   space 1536K, 0% used [0x00000000d5e80000,0x00000000d5e80000,0x00000000d6000000)
 ParOldGen       total 68608K, used 63028K [0x0000000080000000, 0x0000000084300000, 0x00000000d5580000)
  object space 68608K, 91% used [0x0000000080000000,0x0000000083d8d0b8,0x0000000084300000)
 Metaspace       used 56567K, committed 57984K, reserved 1114112K
  class space    used 6054K, committed 6720K, reserved 1048576K
}
Event: 30.184 GC heap before
{Heap before GC invocations=49 (full 2):
 PSYoungGen      total 10752K, used 10275K [0x00000000d5580000, 0x00000000d6180000, 0x0000000100000000)
  eden space 9216K, 100% used [0x00000000d5580000,0x00000000d5e80000,0x00000000d5e80000)
  from space 1536K, 68% used [0x00000000d6000000,0x00000000d6108e58,0x00000000d6180000)
  to   space 1536K, 0% used [0x00000000d5e80000,0x00000000d5e80000,0x00000000d6000000)
 ParOldGen       total 68608K, used 63028K [0x0000000080000000, 0x0000000084300000, 0x00000000d5580000)
  object space 68608K, 91% used [0x0000000080000000,0x0000000083d8d0b8,0x0000000084300000)
 Metaspace       used 56845K, committed 58240K, reserved 1114112K
  class space    used 6059K, committed 6720K, reserved 1048576K
}
Event: 30.186 GC heap after
{Heap after GC invocations=49 (full 2):
 PSYoungGen      total 10752K, used 1087K [0x00000000d5580000, 0x00000000d6180000, 0x0000000100000000)
  eden space 9216K, 0% used [0x00000000d5580000,0x00000000d5580000,0x00000000d5e80000)
  from space 1536K, 70% used [0x00000000d5e80000,0x00000000d5f8ffc0,0x00000000d6000000)
  to   space 1536K, 0% used [0x00000000d6000000,0x00000000d6000000,0x00000000d6180000)
 ParOldGen       total 68608K, used 63963K [0x0000000080000000, 0x0000000084300000, 0x00000000d5580000)
  object space 68608K, 93% used [0x0000000080000000,0x0000000083e76c18,0x0000000084300000)
 Metaspace       used 56845K, committed 58240K, reserved 1114112K
  class space    used 6059K, committed 6720K, reserved 1048576K
}
Event: 31.054 GC heap before
{Heap before GC invocations=50 (full 2):
 PSYoungGen      total 10752K, used 10303K [0x00000000d5580000, 0x00000000d6180000, 0x0000000100000000)
  eden space 9216K, 100% used [0x00000000d5580000,0x00000000d5e80000,0x00000000d5e80000)
  from space 1536K, 70% used [0x00000000d5e80000,0x00000000d5f8ffc0,0x00000000d6000000)
  to   space 1536K, 0% used [0x00000000d6000000,0x00000000d6000000,0x00000000d6180000)
 ParOldGen       total 68608K, used 63963K [0x0000000080000000, 0x0000000084300000, 0x00000000d5580000)
  object space 68608K, 93% used [0x0000000080000000,0x0000000083e76c18,0x0000000084300000)
 Metaspace       used 57505K, committed 58944K, reserved 1114112K
  class space    used 6108K, committed 6784K, reserved 1048576K
}
Event: 31.057 GC heap after
{Heap after GC invocations=50 (full 2):
 PSYoungGen      total 10240K, used 896K [0x00000000d5580000, 0x00000000d6100000, 0x0000000100000000)
  eden space 9216K, 0% used [0x00000000d5580000,0x00000000d5580000,0x00000000d5e80000)
  from space 1024K, 87% used [0x00000000d6000000,0x00000000d60e0020,0x00000000d6100000)
  to   space 1024K, 0% used [0x00000000d5f00000,0x00000000d5f00000,0x00000000d6000000)
 ParOldGen       total 68608K, used 64917K [0x0000000080000000, 0x0000000084300000, 0x00000000d5580000)
  object space 68608K, 94% used [0x0000000080000000,0x0000000083f65468,0x0000000084300000)
 Metaspace       used 57505K, committed 58944K, reserved 1114112K
  class space    used 6108K, committed 6784K, reserved 1048576K
}
Event: 32.081 GC heap before
{Heap before GC invocations=51 (full 2):
 PSYoungGen      total 10240K, used 10112K [0x00000000d5580000, 0x00000000d6100000, 0x0000000100000000)
  eden space 9216K, 100% used [0x00000000d5580000,0x00000000d5e80000,0x00000000d5e80000)
  from space 1024K, 87% used [0x00000000d6000000,0x00000000d60e0020,0x00000000d6100000)
  to   space 1024K, 0% used [0x00000000d5f00000,0x00000000d5f00000,0x00000000d6000000)
 ParOldGen       total 68608K, used 64917K [0x0000000080000000, 0x0000000084300000, 0x00000000d5580000)
  object space 68608K, 94% used [0x0000000080000000,0x0000000083f65468,0x0000000084300000)
 Metaspace       used 58160K, committed 59584K, reserved 1114112K
  class space    used 6193K, committed 6848K, reserved 1048576K
}
Event: 32.084 GC heap after
{Heap after GC invocations=51 (full 2):
 PSYoungGen      total 10240K, used 1018K [0x00000000d5580000, 0x00000000d6380000, 0x0000000100000000)
  eden space 9216K, 0% used [0x00000000d5580000,0x00000000d5580000,0x00000000d5e80000)
  from space 1024K, 99% used [0x00000000d5f00000,0x00000000d5ffe9e8,0x00000000d6000000)
  to   space 2560K, 0% used [0x00000000d6100000,0x00000000d6100000,0x00000000d6380000)
 ParOldGen       total 68608K, used 65794K [0x0000000080000000, 0x0000000084300000, 0x00000000d5580000)
  object space 68608K, 95% used [0x0000000080000000,0x0000000084040b18,0x0000000084300000)
 Metaspace       used 58160K, committed 59584K, reserved 1114112K
  class space    used 6193K, committed 6848K, reserved 1048576K
}
Event: 32.273 GC heap before
{Heap before GC invocations=52 (full 2):
 PSYoungGen      total 10240K, used 3272K [0x00000000d5580000, 0x00000000d6380000, 0x0000000100000000)
  eden space 9216K, 24% used [0x00000000d5580000,0x00000000d57b3920,0x00000000d5e80000)
  from space 1024K, 99% used [0x00000000d5f00000,0x00000000d5ffe9e8,0x00000000d6000000)
  to   space 2560K, 0% used [0x00000000d6100000,0x00000000d6100000,0x00000000d6380000)
 ParOldGen       total 68608K, used 65794K [0x0000000080000000, 0x0000000084300000, 0x00000000d5580000)
  object space 68608K, 95% used [0x0000000080000000,0x0000000084040b18,0x0000000084300000)
 Metaspace       used 58293K, committed 59776K, reserved 1114112K
  class space    used 6205K, committed 6912K, reserved 1048576K
}
Event: 32.276 GC heap after
{Heap after GC invocations=52 (full 2):
 PSYoungGen      total 10240K, used 594K [0x00000000d5580000, 0x00000000d6200000, 0x0000000100000000)
  eden space 9216K, 0% used [0x00000000d5580000,0x00000000d5580000,0x00000000d5e80000)
  from space 1024K, 58% used [0x00000000d6100000,0x00000000d6194980,0x00000000d6200000)
  to   space 1536K, 0% used [0x00000000d5f00000,0x00000000d5f00000,0x00000000d6080000)
 ParOldGen       total 68608K, used 66819K [0x0000000080000000, 0x0000000084300000, 0x00000000d5580000)
  object space 68608K, 97% used [0x0000000080000000,0x0000000084140db0,0x0000000084300000)
 Metaspace       used 58293K, committed 59776K, reserved 1114112K
  class space    used 6205K, committed 6912K, reserved 1048576K
}
Event: 32.276 GC heap before
{Heap before GC invocations=53 (full 3):
 PSYoungGen      total 10240K, used 594K [0x00000000d5580000, 0x00000000d6200000, 0x0000000100000000)
  eden space 9216K, 0% used [0x00000000d5580000,0x00000000d5580000,0x00000000d5e80000)
  from space 1024K, 58% used [0x00000000d6100000,0x00000000d6194980,0x00000000d6200000)
  to   space 1536K, 0% used [0x00000000d5f00000,0x00000000d5f00000,0x00000000d6080000)
 ParOldGen       total 68608K, used 66819K [0x0000000080000000, 0x0000000084300000, 0x00000000d5580000)
  object space 68608K, 97% used [0x0000000080000000,0x0000000084140db0,0x0000000084300000)
 Metaspace       used 58293K, committed 59776K, reserved 1114112K
  class space    used 6205K, committed 6912K, reserved 1048576K
}
Event: 32.468 GC heap after
{Heap after GC invocations=53 (full 3):
 PSYoungGen      total 10240K, used 0K [0x00000000d5580000, 0x00000000d6200000, 0x0000000100000000)
  eden space 9216K, 0% used [0x00000000d5580000,0x00000000d5580000,0x00000000d5e80000)
  from space 1024K, 0% used [0x00000000d6100000,0x00000000d6100000,0x00000000d6200000)
  to   space 1536K, 0% used [0x00000000d5f00000,0x00000000d5f00000,0x00000000d6080000)
 ParOldGen       total 68608K, used 59154K [0x0000000080000000, 0x0000000084300000, 0x00000000d5580000)
  object space 68608K, 86% used [0x0000000080000000,0x00000000839c4a28,0x0000000084300000)
 Metaspace       used 58293K, committed 59776K, reserved 1114112K
  class space    used 6205K, committed 6912K, reserved 1048576K
}
Event: 34.490 GC heap before
{Heap before GC invocations=54 (full 3):
 PSYoungGen      total 10240K, used 9216K [0x00000000d5580000, 0x00000000d6200000, 0x0000000100000000)
  eden space 9216K, 100% used [0x00000000d5580000,0x00000000d5e80000,0x00000000d5e80000)
  from space 1024K, 0% used [0x00000000d6100000,0x00000000d6100000,0x00000000d6200000)
  to   space 1536K, 0% used [0x00000000d5f00000,0x00000000d5f00000,0x00000000d6080000)
 ParOldGen       total 68608K, used 59154K [0x0000000080000000, 0x0000000084300000, 0x00000000d5580000)
  object space 68608K, 86% used [0x0000000080000000,0x00000000839c4a28,0x0000000084300000)
 Metaspace       used 58463K, committed 59968K, reserved 1114112K
  class space    used 6211K, committed 6912K, reserved 1048576K
}
Event: 34.496 GC heap after
{Heap after GC invocations=54 (full 3):
 PSYoungGen      total 10752K, used 1521K [0x00000000d5580000, 0x00000000d6280000, 0x0000000100000000)
  eden space 9216K, 0% used [0x00000000d5580000,0x00000000d5580000,0x00000000d5e80000)
  from space 1536K, 99% used [0x00000000d5f00000,0x00000000d607c588,0x00000000d6080000)
  to   space 2048K, 0% used [0x00000000d6080000,0x00000000d6080000,0x00000000d6280000)
 ParOldGen       total 68608K, used 59170K [0x0000000080000000, 0x0000000084300000, 0x00000000d5580000)
  object space 68608K, 86% used [0x0000000080000000,0x00000000839c8a28,0x0000000084300000)
 Metaspace       used 58463K, committed 59968K, reserved 1114112K
  class space    used 6211K, committed 6912K, reserved 1048576K
}
Event: 37.600 GC heap before
{Heap before GC invocations=55 (full 3):
 PSYoungGen      total 10752K, used 10737K [0x00000000d5580000, 0x00000000d6280000, 0x0000000100000000)
  eden space 9216K, 100% used [0x00000000d5580000,0x00000000d5e80000,0x00000000d5e80000)
  from space 1536K, 99% used [0x00000000d5f00000,0x00000000d607c588,0x00000000d6080000)
  to   space 2048K, 0% used [0x00000000d6080000,0x00000000d6080000,0x00000000d6280000)
 ParOldGen       total 68608K, used 59170K [0x0000000080000000, 0x0000000084300000, 0x00000000d5580000)
  object space 68608K, 86% used [0x0000000080000000,0x00000000839c8a28,0x0000000084300000)
 Metaspace       used 58898K, committed 60416K, reserved 1114112K
  class space    used 6221K, committed 6912K, reserved 1048576K
}
Event: 37.606 GC heap after
{Heap after GC invocations=55 (full 3):
 PSYoungGen      total 10752K, used 1417K [0x00000000d5580000, 0x00000000d6200000, 0x0000000100000000)
  eden space 9216K, 0% used [0x00000000d5580000,0x00000000d5580000,0x00000000d5e80000)
  from space 1536K, 92% used [0x00000000d6080000,0x00000000d61e24e0,0x00000000d6200000)
  to   space 1536K, 0% used [0x00000000d5f00000,0x00000000d5f00000,0x00000000d6080000)
 ParOldGen       total 68608K, used 60208K [0x0000000080000000, 0x0000000084300000, 0x00000000d5580000)
  object space 68608K, 87% used [0x0000000080000000,0x0000000083acc210,0x0000000084300000)
 Metaspace       used 58898K, committed 60416K, reserved 1114112K
  class space    used 6221K, committed 6912K, reserved 1048576K
}

